2024-06-13T02:44:27.137Z - info: Initialization success.
2024-06-13T02:44:46.516Z - info: Website generation started at 10:44:46
2024-06-13T02:44:47.703Z - info: Building assets...
2024-06-13T02:44:48.862Z - info: Assets built
2024-06-13T02:44:48.862Z - info: Generating pages...
2024-06-13T02:44:49.099Z - info: Pages built
2024-06-13T02:44:49.749Z - info: Site data built
2024-06-13T02:44:49.749Z - info: Website generation complete! Total build time: 3.257s
2024-06-13T02:44:49.777Z - info: Serving "C:\Users\acctp\OneDrive\Desktop\ragner666.github.io\_site" at http://127.0.0.1:8080
2024-06-13T02:44:49.777Z - info: Press CTRL+C to stop ...
2024-06-13T02:45:05.133Z - info: [10:45:05] Reload for file deletion: C:\Users\acctp\OneDrive\Desktop\ragner666.github.io\index.html
2024-06-13T02:45:06.147Z - debug: Assets removed
2024-06-13T02:46:43.415Z - info: [10:46:43] Reload for file change: C:\Users\acctp\OneDrive\Desktop\ragner666.github.io\_markbind\layouts\default.md
2024-06-13T02:46:44.438Z - info: Rebuilding 6 pages
2024-06-13T02:46:44.605Z - info: Site data built
2024-06-13T02:46:44.605Z - info: Pages rebuilt
2024-06-13T02:46:44.606Z - info: Website regeneration complete! Total build time: 0.168s
2024-06-13T02:47:13.132Z - info: [10:47:13] Reload for file change: C:\Users\acctp\OneDrive\Desktop\ragner666.github.io\_markbind\layouts\default.md
2024-06-13T02:47:14.141Z - info: Rebuilding 6 pages
2024-06-13T02:47:14.295Z - info: Site data built
2024-06-13T02:47:14.295Z - info: Pages rebuilt
2024-06-13T02:47:14.296Z - info: Website regeneration complete! Total build time: 0.155s
2024-06-13T02:47:55.270Z - info: [10:47:55] Reload for file change: C:\Users\acctp\OneDrive\Desktop\ragner666.github.io\package-lock.json
2024-06-13T02:47:56.293Z - info: Assets built
2024-06-13T02:48:30.449Z - info: [10:48:30] Reload for file change: C:\Users\acctp\OneDrive\Desktop\ragner666.github.io\node_modules\async\whilst.js
2024-06-13T02:48:30.607Z - info: [10:48:30] Reload for file change: C:\Users\acctp\OneDrive\Desktop\ragner666.github.io\node_modules\async\waterfall.js
2024-06-13T02:48:30.781Z - info: [10:48:30] Reload for file change: C:\Users\acctp\OneDrive\Desktop\ragner666.github.io\node_modules\async\until.js
2024-06-13T02:48:30.832Z - info: [10:48:30] Reload for file change: C:\Users\acctp\OneDrive\Desktop\ragner666.github.io\node_modules\async\tryEach.js
2024-06-13T02:48:30.975Z - info: [10:48:30] Reload for file change: C:\Users\acctp\OneDrive\Desktop\ragner666.github.io\node_modules\async\transform.js
2024-06-13T02:48:31.467Z - info: Assets built
2024-06-13T02:48:31.589Z - info: [10:48:31] Reload for file change: C:\Users\acctp\OneDrive\Desktop\ragner666.github.io\node_modules\async\someSeries.js
2024-06-13T02:48:32.033Z - info: [10:48:32] Reload for file change: C:\Users\acctp\OneDrive\Desktop\ragner666.github.io\node_modules\async\series.js
2024-06-13T02:48:32.231Z - info: [10:48:32] Reload for file change: C:\Users\acctp\OneDrive\Desktop\ragner666.github.io\node_modules\async\setImmediate.js
2024-06-13T02:48:32.598Z - info: Assets built
2024-06-13T02:48:32.621Z - info: [10:48:32] Reload for file change: C:\Users\acctp\OneDrive\Desktop\ragner666.github.io\node_modules\async\retryable.js
2024-06-13T02:48:32.790Z - info: [10:48:32] Reload for file change: C:\Users\acctp\OneDrive\Desktop\ragner666.github.io\node_modules\async\select.js
2024-06-13T02:48:33.226Z - info: [10:48:33] Reload for file change: C:\Users\acctp\OneDrive\Desktop\ragner666.github.io\node_modules\async\selectLimit.js
2024-06-13T02:48:33.465Z - info: [10:48:33] Reload for file change: C:\Users\acctp\OneDrive\Desktop\ragner666.github.io\node_modules\async\reflect.js
2024-06-13T02:48:33.611Z - info: [10:48:33] Reload for file change: C:\Users\acctp\OneDrive\Desktop\ragner666.github.io\node_modules\async\reduce.js
2024-06-13T02:48:33.623Z - info: Assets built
2024-06-13T02:48:33.940Z - info: [10:48:33] Reload for file change: C:\Users\acctp\OneDrive\Desktop\ragner666.github.io\node_modules\async\race.js
2024-06-13T02:48:34.091Z - info: [10:48:34] Reload for file change: C:\Users\acctp\OneDrive\Desktop\ragner666.github.io\node_modules\async\priorityQueue.js
2024-06-13T02:48:34.096Z - info: [10:48:34] Reload for file change: C:\Users\acctp\OneDrive\Desktop\ragner666.github.io\node_modules\async\queue.js
2024-06-13T02:48:34.165Z - info: [10:48:34] Reload for file change: C:\Users\acctp\OneDrive\Desktop\ragner666.github.io\index.md
2024-06-13T02:48:34.704Z - info: [10:48:34] Reload for file change: C:\Users\acctp\OneDrive\Desktop\ragner666.github.io\node_modules\async\memoize.js
2024-06-13T02:48:34.710Z - info: [10:48:34] Reload for file change: C:\Users\acctp\OneDrive\Desktop\ragner666.github.io\node_modules\async\mapValuesSeries.js
2024-06-13T02:48:34.733Z - info: [10:48:34] Reload for file change: C:\Users\acctp\OneDrive\Desktop\ragner666.github.io\node_modules\async\nextTick.js
2024-06-13T02:48:34.895Z - info: [10:48:34] Reload for file change: C:\Users\acctp\OneDrive\Desktop\ragner666.github.io\node_modules\async\mapValuesLimit.js
2024-06-13T02:48:34.939Z - info: [10:48:34] Reload for file change: C:\Users\acctp\OneDrive\Desktop\ragner666.github.io\node_modules\async\mapValues.js
2024-06-13T02:48:34.941Z - info: Assets built
2024-06-13T02:48:35.170Z - info: Rebuilding 1 pages
2024-06-13T02:48:35.210Z - info: Site data built
2024-06-13T02:48:35.210Z - info: Pages rebuilt
2024-06-13T02:48:35.211Z - info: Website regeneration complete! Total build time: 0.041s
2024-06-13T02:48:35.373Z - info: [10:48:35] Reload for file change: C:\Users\acctp\OneDrive\Desktop\ragner666.github.io\node_modules\async\log.js
2024-06-13T02:48:35.379Z - info: [10:48:35] Reload for file change: C:\Users\acctp\OneDrive\Desktop\ragner666.github.io\node_modules\async\mapLimit.js
2024-06-13T02:48:36.003Z - info: [10:48:36] Reload for file change: C:\Users\acctp\OneDrive\Desktop\ragner666.github.io\node_modules\async\groupByLimit.js
2024-06-13T02:48:36.040Z - info: [10:48:36] Reload for file change: C:\Users\acctp\OneDrive\Desktop\ragner666.github.io\node_modules\async\groupBySeries.js
2024-06-13T02:48:36.357Z - info: [10:48:36] Reload for file change: C:\Users\acctp\OneDrive\Desktop\ragner666.github.io\node_modules\async\forever.js
2024-06-13T02:48:36.376Z - info: Assets built
2024-06-13T02:48:36.432Z - info: [10:48:36] Reload for file change: C:\Users\acctp\OneDrive\Desktop\ragner666.github.io\node_modules\async\forEachOfSeries.js
2024-06-13T02:48:36.749Z - info: [10:48:36] Reload for file change: C:\Users\acctp\OneDrive\Desktop\ragner666.github.io\node_modules\async\forEachOfLimit.js
2024-06-13T02:48:37.175Z - info: [10:48:37] Reload for file change: C:\Users\acctp\OneDrive\Desktop\ragner666.github.io\node_modules\async\forEach.js
2024-06-13T02:48:37.365Z - info: [10:48:37] Reload for file change: C:\Users\acctp\OneDrive\Desktop\ragner666.github.io\node_modules\async\foldr.js
2024-06-13T02:48:37.457Z - info: Assets built
2024-06-13T02:48:37.478Z - info: [10:48:37] Reload for file change: C:\Users\acctp\OneDrive\Desktop\ragner666.github.io\node_modules\async\flatMapLimit.js
2024-06-13T02:48:38.421Z - info: [10:48:38] Reload for file change: C:\Users\acctp\OneDrive\Desktop\ragner666.github.io\node_modules\async\filterLimit.js
2024-06-13T02:48:38.487Z - info: Assets built
2024-06-13T02:48:38.589Z - info: [10:48:38] Reload for file change: C:\Users\acctp\OneDrive\Desktop\ragner666.github.io\node_modules\async\everyLimit.js
2024-06-13T02:48:39.594Z - info: Assets built
2024-06-13T02:48:40.135Z - info: [10:48:40] Reload for file change: C:\Users\acctp\OneDrive\Desktop\ragner666.github.io\node_modules\async\doDuring.js
2024-06-13T02:48:40.276Z - info: [10:48:40] Reload for file change: C:\Users\acctp\OneDrive\Desktop\ragner666.github.io\node_modules\async\detectSeries.js
2024-06-13T02:48:40.615Z - info: [10:48:40] Reload for file change: C:\Users\acctp\OneDrive\Desktop\ragner666.github.io\node_modules\async\constant.js
2024-06-13T02:48:40.806Z - info: [10:48:40] Reload for file change: C:\Users\acctp\OneDrive\Desktop\ragner666.github.io\node_modules\async\concatSeries.js
2024-06-13T02:48:41.006Z - info: [10:48:41] Reload for file change: C:\Users\acctp\OneDrive\Desktop\ragner666.github.io\node_modules\async\concatLimit.js
2024-06-13T02:48:41.137Z - info: Assets built
2024-06-13T02:48:41.163Z - info: [10:48:41] Reload for file change: C:\Users\acctp\OneDrive\Desktop\ragner666.github.io\node_modules\async\CHANGELOG.md
2024-06-13T02:48:41.567Z - info: [10:48:41] Reload for file change: C:\Users\acctp\OneDrive\Desktop\ragner666.github.io\node_modules\async\cargo.js
2024-06-13T02:48:41.621Z - info: [10:48:41] Reload for file change: C:\Users\acctp\OneDrive\Desktop\ragner666.github.io\node_modules\async\bower.json
2024-06-13T02:48:41.757Z - info: [10:48:41] Reload for file change: C:\Users\acctp\OneDrive\Desktop\ragner666.github.io\node_modules\async\autoInject.js
2024-06-13T02:48:42.169Z - info: Assets built
2024-06-13T02:49:02.371Z - info: [10:49:02] Reload for file change: C:\Users\acctp\OneDrive\Desktop\ragner666.github.io\node_modules\crypto-js\README.md
2024-06-13T02:49:03.386Z - info: Assets built
2024-06-13T02:49:04.670Z - info: [10:49:04] Reload for file change: C:\Users\acctp\OneDrive\Desktop\ragner666.github.io\node_modules\crypto-js\hmac-sha512.js
2024-06-13T02:49:05.671Z - info: Assets built
2024-06-13T02:49:07.500Z - info: [10:49:07] Reload for file change: C:\Users\acctp\OneDrive\Desktop\ragner666.github.io\node_modules\crypto-js\bower.json
2024-06-13T02:49:08.502Z - info: Assets built
2024-06-13T02:49:27.257Z - info: [10:49:27] Reload for file change: C:\Users\acctp\OneDrive\Desktop\ragner666.github.io\node_modules\figlet\README.md
2024-06-13T02:49:27.332Z - info: [10:49:27] Reload for file change: C:\Users\acctp\OneDrive\Desktop\ragner666.github.io\node_modules\figlet\LICENSE.txt
2024-06-13T02:49:27.608Z - info: [10:49:27] Reload for file change: C:\Users\acctp\OneDrive\Desktop\ragner666.github.io\node_modules\figlet\Gruntfile.js
2024-06-13T02:49:27.698Z - info: [10:49:27] Reload for file change: C:\Users\acctp\OneDrive\Desktop\ragner666.github.io\node_modules\figlet\action.yml
2024-06-13T02:49:28.259Z - info: Assets built
2024-06-13T02:49:34.717Z - info: [10:49:34] Reload for file change: C:\Users\acctp\OneDrive\Desktop\ragner666.github.io\node_modules\fs-extra\README.md
2024-06-13T02:49:35.724Z - info: Assets built
2024-06-13T02:50:00.698Z - info: [10:50:00] Reload for file change: C:\Users\acctp\OneDrive\Desktop\ragner666.github.io\node_modules\katex\README.md
2024-06-13T02:50:00.936Z - info: [10:50:00] Reload for file change: C:\Users\acctp\OneDrive\Desktop\ragner666.github.io\node_modules\katex\katex.js
2024-06-13T02:50:01.711Z - info: Assets built
2024-06-13T02:50:02.844Z - info: [10:50:02] Reload for file change: C:\Users\acctp\OneDrive\Desktop\ragner666.github.io\site.json
2024-06-13T02:50:02.857Z - info: No pages needed to be rebuilt
2024-06-13T02:50:03.991Z - info: [10:50:03] Reload for file change: C:\Users\acctp\OneDrive\Desktop\ragner666.github.io\node_modules\lodash\_wrapperClone.js
2024-06-13T02:50:04.184Z - info: [10:50:04] Reload for file change: C:\Users\acctp\OneDrive\Desktop\ragner666.github.io\node_modules\lodash\_updateWrapDetails.js
2024-06-13T02:50:04.841Z - info: [10:50:04] Reload for file change: C:\Users\acctp\OneDrive\Desktop\ragner666.github.io\node_modules\lodash\_unescapeHtmlChar.js
2024-06-13T02:50:05.015Z - info: Assets built
2024-06-13T02:50:06.510Z - info: [10:50:06] Reload for file change: C:\Users\acctp\OneDrive\Desktop\ragner666.github.io\node_modules\lodash\_shuffleSelf.js
2024-06-13T02:50:06.718Z - info: [10:50:06] Reload for file change: C:\Users\acctp\OneDrive\Desktop\ragner666.github.io\node_modules\lodash\_setWrapToString.js
2024-06-13T02:50:07.522Z - info: Assets built
2024-06-13T02:50:07.973Z - info: [10:50:07] Reload for file change: C:\Users\acctp\OneDrive\Desktop\ragner666.github.io\node_modules\lodash\_replaceHolders.js
2024-06-13T02:50:08.084Z - info: [10:50:08] Reload for file change: C:\Users\acctp\OneDrive\Desktop\ragner666.github.io\node_modules\lodash\_reInterpolate.js
2024-06-13T02:50:08.105Z - info: [10:50:08] Reload for file change: C:\Users\acctp\OneDrive\Desktop\ragner666.github.io\node_modules\lodash\_reorder.js
2024-06-13T02:50:08.261Z - info: [10:50:08] Reload for file change: C:\Users\acctp\OneDrive\Desktop\ragner666.github.io\node_modules\lodash\_reEscape.js
2024-06-13T02:50:08.499Z - info: [10:50:08] Reload for file change: C:\Users\acctp\OneDrive\Desktop\ragner666.github.io\node_modules\lodash\_realNames.js
2024-06-13T02:50:08.519Z - info: [10:50:08] Reload for file change: C:\Users\acctp\OneDrive\Desktop\ragner666.github.io\node_modules\lodash\_reEvaluate.js
2024-06-13T02:50:08.987Z - info: Assets built
2024-06-13T02:50:09.613Z - info: [10:50:09] Reload for file change: C:\Users\acctp\OneDrive\Desktop\ragner666.github.io\node_modules\lodash\_mergeData.js
2024-06-13T02:50:10.632Z - info: Assets built
2024-06-13T02:50:11.001Z - info: [10:50:11] Reload for file change: C:\Users\acctp\OneDrive\Desktop\ragner666.github.io\node_modules\lodash\_LodashWrapper.js
2024-06-13T02:50:11.978Z - info: [10:50:11] Reload for file change: C:\Users\acctp\OneDrive\Desktop\ragner666.github.io\node_modules\lodash\_lazyReverse.js
2024-06-13T02:50:12.003Z - info: Assets built
2024-06-13T02:50:12.135Z - info: [10:50:12] Reload for file change: C:\Users\acctp\OneDrive\Desktop\ragner666.github.io\node_modules\lodash\_lazyClone.js
2024-06-13T02:50:12.284Z - info: [10:50:12] Reload for file change: C:\Users\acctp\OneDrive\Desktop\ragner666.github.io\node_modules\lodash\_iteratorToArray.js
2024-06-13T02:50:12.781Z - info: [10:50:12] Reload for file change: C:\Users\acctp\OneDrive\Desktop\ragner666.github.io\node_modules\lodash\_isLaziable.js
2024-06-13T02:50:13.147Z - info: Assets built
2024-06-13T02:50:16.286Z - info: [10:50:16] Reload for file change: C:\Users\acctp\OneDrive\Desktop\ragner666.github.io\node_modules\lodash\_getData.js
2024-06-13T02:50:17.086Z - info: [10:50:17] Reload for file change: C:\Users\acctp\OneDrive\Desktop\ragner666.github.io\node_modules\lodash\_escapeHtmlChar.js
2024-06-13T02:50:17.300Z - info: Assets built
2024-06-13T02:50:17.924Z - info: [10:50:17] Reload for file change: C:\Users\acctp\OneDrive\Desktop\ragner666.github.io\node_modules\lodash\_customDefaultsMerge.js
2024-06-13T02:50:18.414Z - info: [10:50:18] Reload for file change: C:\Users\acctp\OneDrive\Desktop\ragner666.github.io\node_modules\lodash\_createWrap.js
2024-06-13T02:50:18.518Z - info: [10:50:18] Reload for file change: C:\Users\acctp\OneDrive\Desktop\ragner666.github.io\node_modules\lodash\_createToPairs.js
2024-06-13T02:50:18.661Z - info: [10:50:18] Reload for file change: C:\Users\acctp\OneDrive\Desktop\ragner666.github.io\node_modules\lodash\_createRound.js
2024-06-13T02:50:18.673Z - info: [10:50:18] Reload for file change: C:\Users\acctp\OneDrive\Desktop\ragner666.github.io\node_modules\lodash\_createRelationalOperation.js
2024-06-13T02:50:18.932Z - info: Assets built
2024-06-13T02:50:19.152Z - info: [10:50:19] Reload for file change: C:\Users\acctp\OneDrive\Desktop\ragner666.github.io\node_modules\lodash\_createPartial.js
2024-06-13T02:50:19.323Z - info: [10:50:19] Reload for file change: C:\Users\acctp\OneDrive\Desktop\ragner666.github.io\node_modules\lodash\_createOver.js
2024-06-13T02:50:19.363Z - info: [10:50:19] Reload for file change: C:\Users\acctp\OneDrive\Desktop\ragner666.github.io\node_modules\lodash\_createMathOperation.js
2024-06-13T02:50:20.072Z - info: [10:50:20] Reload for file change: C:\Users\acctp\OneDrive\Desktop\ragner666.github.io\node_modules\lodash\_createCtor.js
2024-06-13T02:50:20.099Z - info: [10:50:20] Reload for file change: C:\Users\acctp\OneDrive\Desktop\ragner666.github.io\node_modules\lodash\_createCurry.js
2024-06-13T02:50:20.165Z - info: Assets built
2024-06-13T02:50:20.919Z - info: [10:50:20] Reload for file change: C:\Users\acctp\OneDrive\Desktop\ragner666.github.io\node_modules\lodash\_countHolders.js
2024-06-13T02:50:20.996Z - info: [10:50:20] Reload for file change: C:\Users\acctp\OneDrive\Desktop\ragner666.github.io\node_modules\lodash\_createAggregator.js
2024-06-13T02:50:21.612Z - info: [10:50:21] Reload for file change: C:\Users\acctp\OneDrive\Desktop\ragner666.github.io\node_modules\lodash\_composeArgsRight.js
2024-06-13T02:50:21.931Z - info: Assets built
2024-06-13T02:50:22.082Z - info: [10:50:22] Reload for file change: C:\Users\acctp\OneDrive\Desktop\ragner666.github.io\node_modules\lodash\_compareMultiple.js
2024-06-13T02:50:22.895Z - info: [10:50:22] Reload for file change: C:\Users\acctp\OneDrive\Desktop\ragner666.github.io\node_modules\lodash\_charsStartIndex.js
2024-06-13T02:50:23.088Z - info: Assets built
2024-06-13T02:50:23.842Z - info: [10:50:23] Reload for file change: C:\Users\acctp\OneDrive\Desktop\ragner666.github.io\node_modules\lodash\_baseXor.js
2024-06-13T02:50:24.098Z - info: [10:50:24] Reload for file change: C:\Users\acctp\OneDrive\Desktop\ragner666.github.io\node_modules\lodash\_baseWhile.js
2024-06-13T02:50:24.848Z - info: Assets built
2024-06-13T02:50:25.049Z - info: [10:50:25] Reload for file change: C:\Users\acctp\OneDrive\Desktop\ragner666.github.io\node_modules\lodash\_baseToPairs.js
2024-06-13T02:50:25.140Z - info: [10:50:25] Reload for file change: C:\Users\acctp\OneDrive\Desktop\ragner666.github.io\node_modules\lodash\_baseToNumber.js
2024-06-13T02:50:25.629Z - info: [10:50:25] Reload for file change: C:\Users\acctp\OneDrive\Desktop\ragner666.github.io\node_modules\lodash\_baseSortedIndexBy.js
2024-06-13T02:50:25.889Z - info: [10:50:25] Reload for file change: C:\Users\acctp\OneDrive\Desktop\ragner666.github.io\node_modules\lodash\_baseSortBy.js
2024-06-13T02:50:26.056Z - info: Assets built
2024-06-13T02:50:26.242Z - info: [10:50:26] Reload for file change: C:\Users\acctp\OneDrive\Desktop\ragner666.github.io\node_modules\lodash\_baseShuffle.js
2024-06-13T02:50:26.341Z - info: [10:50:26] Reload for file change: C:\Users\acctp\OneDrive\Desktop\ragner666.github.io\node_modules\lodash\_baseSetData.js
2024-06-13T02:50:26.670Z - info: [10:50:26] Reload for file change: C:\Users\acctp\OneDrive\Desktop\ragner666.github.io\node_modules\lodash\_baseSampleSize.js
2024-06-13T02:50:26.792Z - info: [10:50:26] Reload for file change: C:\Users\acctp\OneDrive\Desktop\ragner666.github.io\node_modules\lodash\_baseSample.js
2024-06-13T02:50:26.983Z - info: [10:50:26] Reload for file change: C:\Users\acctp\OneDrive\Desktop\ragner666.github.io\node_modules\lodash\_baseReduce.js
2024-06-13T02:50:27.190Z - info: [10:50:27] Reload for file change: C:\Users\acctp\OneDrive\Desktop\ragner666.github.io\node_modules\lodash\_baseRange.js
2024-06-13T02:50:27.259Z - info: Assets built
2024-06-13T02:50:27.634Z - info: [10:50:27] Reload for file change: C:\Users\acctp\OneDrive\Desktop\ragner666.github.io\node_modules\lodash\_basePullAll.js
2024-06-13T02:50:28.443Z - info: [10:50:28] Reload for file change: C:\Users\acctp\OneDrive\Desktop\ragner666.github.io\node_modules\lodash\_baseNth.js
2024-06-13T02:50:28.650Z - info: Assets built
2024-06-13T02:50:29.178Z - info: [10:50:29] Reload for file change: C:\Users\acctp\OneDrive\Desktop\ragner666.github.io\node_modules\lodash\_baseLt.js
2024-06-13T02:50:30.039Z - info: [10:50:30] Reload for file change: C:\Users\acctp\OneDrive\Desktop\ragner666.github.io\node_modules\lodash\_baseIsRegExp.js
2024-06-13T02:50:30.194Z - info: Assets built
2024-06-13T02:50:30.833Z - info: [10:50:30] Reload for file change: C:\Users\acctp\OneDrive\Desktop\ragner666.github.io\node_modules\lodash\_baseIsDate.js
2024-06-13T02:50:31.123Z - info: [10:50:31] Reload for file change: C:\Users\acctp\OneDrive\Desktop\ragner666.github.io\node_modules\lodash\_baseInvoke.js
2024-06-13T02:50:31.566Z - info: [10:50:31] Reload for file change: C:\Users\acctp\OneDrive\Desktop\ragner666.github.io\node_modules\lodash\_baseInRange.js
2024-06-13T02:50:31.843Z - info: Assets built
2024-06-13T02:50:31.993Z - info: [10:50:31] Reload for file change: C:\Users\acctp\OneDrive\Desktop\ragner666.github.io\node_modules\lodash\_baseGt.js
2024-06-13T02:50:32.410Z - info: [10:50:32] Reload for file change: C:\Users\acctp\OneDrive\Desktop\ragner666.github.io\node_modules\lodash\_baseForRight.js
2024-06-13T02:50:32.570Z - info: [10:50:32] Reload for file change: C:\Users\acctp\OneDrive\Desktop\ragner666.github.io\node_modules\lodash\_baseForOwnRight.js
2024-06-13T02:50:33.014Z - info: Assets built
2024-06-13T02:50:33.222Z - info: [10:50:33] Reload for file change: C:\Users\acctp\OneDrive\Desktop\ragner666.github.io\node_modules\lodash\_baseFilter.js
2024-06-13T02:50:33.592Z - info: [10:50:33] Reload for file change: C:\Users\acctp\OneDrive\Desktop\ragner666.github.io\node_modules\lodash\_baseEachRight.js
2024-06-13T02:50:34.232Z - info: Assets built
2024-06-13T02:50:35.743Z - info: [10:50:35] Reload for file change: C:\Users\acctp\OneDrive\Desktop\ragner666.github.io\node_modules\lodash\_arraySampleSize.js
2024-06-13T02:50:36.750Z - info: Assets built
2024-06-13T02:50:37.834Z - info: [10:50:37] Reload for file change: C:\Users\acctp\OneDrive\Desktop\ragner666.github.io\node_modules\lodash\xorWith.js
2024-06-13T02:50:37.938Z - info: [10:50:37] Reload for file change: C:\Users\acctp\OneDrive\Desktop\ragner666.github.io\node_modules\lodash\zip.js
2024-06-13T02:50:38.119Z - info: [10:50:38] Reload for file change: C:\Users\acctp\OneDrive\Desktop\ragner666.github.io\node_modules\lodash\xorBy.js
2024-06-13T02:50:38.192Z - info: [10:50:38] Reload for file change: C:\Users\acctp\OneDrive\Desktop\ragner666.github.io\node_modules\lodash\xor.js
2024-06-13T02:50:38.254Z - info: [10:50:38] Reload for file change: C:\Users\acctp\OneDrive\Desktop\ragner666.github.io\node_modules\lodash\wrapperValue.js
2024-06-13T02:50:38.549Z - info: [10:50:38] Reload for file change: C:\Users\acctp\OneDrive\Desktop\ragner666.github.io\node_modules\lodash\wrapperReverse.js
2024-06-13T02:50:38.649Z - info: [10:50:38] Reload for file change: C:\Users\acctp\OneDrive\Desktop\ragner666.github.io\node_modules\lodash\wrapperAt.js
2024-06-13T02:50:38.743Z - info: [10:50:38] Reload for file change: C:\Users\acctp\OneDrive\Desktop\ragner666.github.io\node_modules\lodash\wrapperChain.js
2024-06-13T02:50:38.852Z - info: Assets built
2024-06-13T02:50:39.179Z - info: [10:50:39] Reload for file change: C:\Users\acctp\OneDrive\Desktop\ragner666.github.io\node_modules\lodash\valuesIn.js
2024-06-13T02:50:39.545Z - info: [10:50:39] Reload for file change: C:\Users\acctp\OneDrive\Desktop\ragner666.github.io\node_modules\lodash\util.js
2024-06-13T02:50:39.785Z - info: [10:50:39] Reload for file change: C:\Users\acctp\OneDrive\Desktop\ragner666.github.io\node_modules\lodash\upperCase.js
2024-06-13T02:50:39.814Z - info: [10:50:39] Reload for file change: C:\Users\acctp\OneDrive\Desktop\ragner666.github.io\node_modules\lodash\updateWith.js
2024-06-13T02:50:40.045Z - info: [10:50:40] Reload for file change: C:\Users\acctp\OneDrive\Desktop\ragner666.github.io\node_modules\lodash\update.js
2024-06-13T02:50:40.199Z - info: Assets built
2024-06-13T02:50:40.214Z - info: [10:50:40] Reload for file change: C:\Users\acctp\OneDrive\Desktop\ragner666.github.io\node_modules\lodash\unzipWith.js
2024-06-13T02:50:40.462Z - info: [10:50:40] Reload for file change: C:\Users\acctp\OneDrive\Desktop\ragner666.github.io\node_modules\lodash\uniqWith.js
2024-06-13T02:50:41.077Z - info: [10:50:41] Reload for file change: C:\Users\acctp\OneDrive\Desktop\ragner666.github.io\node_modules\lodash\unionWith.js
2024-06-13T02:50:41.175Z - info: [10:50:41] Reload for file change: C:\Users\acctp\OneDrive\Desktop\ragner666.github.io\node_modules\lodash\unionBy.js
2024-06-13T02:50:41.225Z - info: Assets built
2024-06-13T02:50:41.659Z - info: [10:50:41] Reload for file change: C:\Users\acctp\OneDrive\Desktop\ragner666.github.io\node_modules\lodash\trimStart.js
2024-06-13T02:50:41.773Z - info: [10:50:41] Reload for file change: C:\Users\acctp\OneDrive\Desktop\ragner666.github.io\node_modules\lodash\trim.js
2024-06-13T02:50:41.825Z - info: [10:50:41] Reload for file change: C:\Users\acctp\OneDrive\Desktop\ragner666.github.io\node_modules\lodash\trimEnd.js
2024-06-13T02:50:41.906Z - info: [10:50:41] Reload for file change: C:\Users\acctp\OneDrive\Desktop\ragner666.github.io\node_modules\lodash\transform.js
2024-06-13T02:50:42.414Z - info: [10:50:42] Reload for file change: C:\Users\acctp\OneDrive\Desktop\ragner666.github.io\node_modules\lodash\toSafeInteger.js
2024-06-13T02:50:42.499Z - info: [10:50:42] Reload for file change: C:\Users\acctp\OneDrive\Desktop\ragner666.github.io\node_modules\lodash\toPath.js
2024-06-13T02:50:42.577Z - info: [10:50:42] Reload for file change: C:\Users\acctp\OneDrive\Desktop\ragner666.github.io\node_modules\lodash\toPairsIn.js
2024-06-13T02:50:42.662Z - info: [10:50:42] Reload for file change: C:\Users\acctp\OneDrive\Desktop\ragner666.github.io\node_modules\lodash\toPairs.js
2024-06-13T02:50:42.669Z - info: Assets built
2024-06-13T02:50:43.144Z - info: [10:50:43] Reload for file change: C:\Users\acctp\OneDrive\Desktop\ragner666.github.io\node_modules\lodash\toLower.js
2024-06-13T02:50:43.167Z - info: [10:50:43] Reload for file change: C:\Users\acctp\OneDrive\Desktop\ragner666.github.io\node_modules\lodash\toLength.js
2024-06-13T02:50:43.742Z - info: [10:50:43] Reload for file change: C:\Users\acctp\OneDrive\Desktop\ragner666.github.io\node_modules\lodash\toArray.js
2024-06-13T02:50:43.868Z - info: [10:50:43] Reload for file change: C:\Users\acctp\OneDrive\Desktop\ragner666.github.io\node_modules\lodash\times.js
2024-06-13T02:50:43.893Z - info: [10:50:43] Reload for file change: C:\Users\acctp\OneDrive\Desktop\ragner666.github.io\node_modules\lodash\thru.js
2024-06-13T02:50:43.944Z - info: [10:50:43] Reload for file change: C:\Users\acctp\OneDrive\Desktop\ragner666.github.io\node_modules\lodash\throttle.js
2024-06-13T02:50:44.156Z - info: Assets built
2024-06-13T02:50:44.398Z - info: [10:50:44] Reload for file change: C:\Users\acctp\OneDrive\Desktop\ragner666.github.io\node_modules\lodash\tap.js
2024-06-13T02:50:44.639Z - info: [10:50:44] Reload for file change: C:\Users\acctp\OneDrive\Desktop\ragner666.github.io\node_modules\lodash\takeRightWhile.js
2024-06-13T02:50:44.660Z - info: [10:50:44] Reload for file change: C:\Users\acctp\OneDrive\Desktop\ragner666.github.io\node_modules\lodash\take.js
2024-06-13T02:50:44.696Z - info: [10:50:44] Reload for file change: C:\Users\acctp\OneDrive\Desktop\ragner666.github.io\node_modules\lodash\takeRight.js
2024-06-13T02:50:44.783Z - info: [10:50:44] Reload for file change: C:\Users\acctp\OneDrive\Desktop\ragner666.github.io\node_modules\lodash\tail.js
2024-06-13T02:50:44.982Z - info: [10:50:44] Reload for file change: C:\Users\acctp\OneDrive\Desktop\ragner666.github.io\node_modules\lodash\sumBy.js
2024-06-13T02:50:45.267Z - info: [10:50:45] Reload for file change: C:\Users\acctp\OneDrive\Desktop\ragner666.github.io\node_modules\lodash\subtract.js
2024-06-13T02:50:45.341Z - info: [10:50:45] Reload for file change: C:\Users\acctp\OneDrive\Desktop\ragner666.github.io\node_modules\lodash\stubString.js
2024-06-13T02:50:45.369Z - info: [10:50:45] Reload for file change: C:\Users\acctp\OneDrive\Desktop\ragner666.github.io\node_modules\lodash\stubTrue.js
2024-06-13T02:50:45.405Z - info: Assets built
2024-06-13T02:50:45.486Z - info: [10:50:45] Reload for file change: C:\Users\acctp\OneDrive\Desktop\ragner666.github.io\node_modules\lodash\stubObject.js
2024-06-13T02:50:46.036Z - info: [10:50:46] Reload for file change: C:\Users\acctp\OneDrive\Desktop\ragner666.github.io\node_modules\lodash\startsWith.js
2024-06-13T02:50:46.171Z - info: [10:50:46] Reload for file change: C:\Users\acctp\OneDrive\Desktop\ragner666.github.io\node_modules\lodash\spread.js
2024-06-13T02:50:46.367Z - info: [10:50:46] Reload for file change: C:\Users\acctp\OneDrive\Desktop\ragner666.github.io\node_modules\lodash\split.js
2024-06-13T02:50:46.497Z - info: Assets built
2024-06-13T02:50:46.555Z - info: [10:50:46] Reload for file change: C:\Users\acctp\OneDrive\Desktop\ragner666.github.io\node_modules\lodash\sortedUniqBy.js
2024-06-13T02:50:46.623Z - info: [10:50:46] Reload for file change: C:\Users\acctp\OneDrive\Desktop\ragner666.github.io\node_modules\lodash\sortedUniq.js
2024-06-13T02:50:46.679Z - info: [10:50:46] Reload for file change: C:\Users\acctp\OneDrive\Desktop\ragner666.github.io\node_modules\lodash\sortedLastIndexOf.js
2024-06-13T02:50:46.728Z - info: [10:50:46] Reload for file change: C:\Users\acctp\OneDrive\Desktop\ragner666.github.io\node_modules\lodash\sortedLastIndexBy.js
2024-06-13T02:50:47.086Z - info: [10:50:47] Reload for file change: C:\Users\acctp\OneDrive\Desktop\ragner666.github.io\node_modules\lodash\sortedIndexOf.js
2024-06-13T02:50:47.209Z - info: [10:50:47] Reload for file change: C:\Users\acctp\OneDrive\Desktop\ragner666.github.io\node_modules\lodash\sortedIndexBy.js
2024-06-13T02:50:47.366Z - info: [10:50:47] Reload for file change: C:\Users\acctp\OneDrive\Desktop\ragner666.github.io\node_modules\lodash\sortBy.js
2024-06-13T02:50:47.391Z - info: [10:50:47] Reload for file change: C:\Users\acctp\OneDrive\Desktop\ragner666.github.io\node_modules\lodash\sortedIndex.js
2024-06-13T02:50:47.567Z - info: Assets built
2024-06-13T02:50:47.786Z - info: [10:50:47] Reload for file change: C:\Users\acctp\OneDrive\Desktop\ragner666.github.io\node_modules\lodash\slice.js
2024-06-13T02:50:47.969Z - info: [10:50:47] Reload for file change: C:\Users\acctp\OneDrive\Desktop\ragner666.github.io\node_modules\lodash\shuffle.js
2024-06-13T02:50:48.080Z - info: [10:50:48] Reload for file change: C:\Users\acctp\OneDrive\Desktop\ragner666.github.io\node_modules\lodash\set.js
2024-06-13T02:50:48.113Z - info: [10:50:48] Reload for file change: C:\Users\acctp\OneDrive\Desktop\ragner666.github.io\node_modules\lodash\setWith.js
2024-06-13T02:50:48.261Z - info: [10:50:48] Reload for file change: C:\Users\acctp\OneDrive\Desktop\ragner666.github.io\node_modules\lodash\seq.js
2024-06-13T02:50:48.580Z - info: [10:50:48] Reload for file change: C:\Users\acctp\OneDrive\Desktop\ragner666.github.io\node_modules\lodash\sample.js
2024-06-13T02:50:48.790Z - info: [10:50:48] Reload for file change: C:\Users\acctp\OneDrive\Desktop\ragner666.github.io\node_modules\lodash\reverse.js
2024-06-13T02:50:48.803Z - info: Assets built
2024-06-13T02:50:48.939Z - info: [10:50:48] Reload for file change: C:\Users\acctp\OneDrive\Desktop\ragner666.github.io\node_modules\lodash\replace.js
2024-06-13T02:50:48.968Z - info: [10:50:48] Reload for file change: C:\Users\acctp\OneDrive\Desktop\ragner666.github.io\node_modules\lodash\rest.js
2024-06-13T02:50:49.194Z - info: [10:50:49] Reload for file change: C:\Users\acctp\OneDrive\Desktop\ragner666.github.io\node_modules\lodash\remove.js
2024-06-13T02:50:49.467Z - info: [10:50:49] Reload for file change: C:\Users\acctp\OneDrive\Desktop\ragner666.github.io\node_modules\lodash\release.md
2024-06-13T02:50:49.514Z - info: [10:50:49] Reload for file change: C:\Users\acctp\OneDrive\Desktop\ragner666.github.io\node_modules\lodash\reject.js
2024-06-13T02:50:49.589Z - info: [10:50:49] Reload for file change: C:\Users\acctp\OneDrive\Desktop\ragner666.github.io\node_modules\lodash\reduce.js
2024-06-13T02:50:49.658Z - info: [10:50:49] Reload for file change: C:\Users\acctp\OneDrive\Desktop\ragner666.github.io\node_modules\lodash\reduceRight.js
2024-06-13T02:50:49.855Z - info: [10:50:49] Reload for file change: C:\Users\acctp\OneDrive\Desktop\ragner666.github.io\node_modules\lodash\rearg.js
2024-06-13T02:50:49.874Z - info: [10:50:49] Reload for file change: C:\Users\acctp\OneDrive\Desktop\ragner666.github.io\node_modules\lodash\README.md
2024-06-13T02:50:49.949Z - info: Assets built
2024-06-13T02:50:50.420Z - info: [10:50:50] Reload for file change: C:\Users\acctp\OneDrive\Desktop\ragner666.github.io\node_modules\lodash\pullAt.js
2024-06-13T02:50:50.447Z - info: [10:50:50] Reload for file change: C:\Users\acctp\OneDrive\Desktop\ragner666.github.io\node_modules\lodash\random.js
2024-06-13T02:50:50.511Z - info: [10:50:50] Reload for file change: C:\Users\acctp\OneDrive\Desktop\ragner666.github.io\node_modules\lodash\rangeRight.js
2024-06-13T02:50:50.528Z - info: [10:50:50] Reload for file change: C:\Users\acctp\OneDrive\Desktop\ragner666.github.io\node_modules\lodash\pullAllBy.js
2024-06-13T02:50:51.191Z - info: [10:50:51] Reload for file change: C:\Users\acctp\OneDrive\Desktop\ragner666.github.io\node_modules\lodash\pull.js
2024-06-13T02:50:51.208Z - info: [10:50:51] Reload for file change: C:\Users\acctp\OneDrive\Desktop\ragner666.github.io\node_modules\lodash\propertyOf.js
2024-06-13T02:50:51.439Z - info: Assets built
2024-06-13T02:50:51.753Z - info: [10:50:51] Reload for file change: C:\Users\acctp\OneDrive\Desktop\ragner666.github.io\node_modules\lodash\partition.js
2024-06-13T02:50:51.834Z - info: [10:50:51] Reload for file change: C:\Users\acctp\OneDrive\Desktop\ragner666.github.io\node_modules\lodash\partial.js
2024-06-13T02:50:51.881Z - info: [10:50:51] Reload for file change: C:\Users\acctp\OneDrive\Desktop\ragner666.github.io\node_modules\lodash\padStart.js
2024-06-13T02:50:52.055Z - info: [10:50:52] Reload for file change: C:\Users\acctp\OneDrive\Desktop\ragner666.github.io\node_modules\lodash\padEnd.js
2024-06-13T02:50:52.426Z - info: [10:50:52] Reload for file change: C:\Users\acctp\OneDrive\Desktop\ragner666.github.io\node_modules\lodash\pad.js
2024-06-13T02:50:52.679Z - info: [10:50:52] Reload for file change: C:\Users\acctp\OneDrive\Desktop\ragner666.github.io\node_modules\lodash\over.js
2024-06-13T02:50:52.769Z - info: Assets built
2024-06-13T02:50:53.125Z - info: [10:50:53] Reload for file change: C:\Users\acctp\OneDrive\Desktop\ragner666.github.io\node_modules\lodash\orderBy.js
2024-06-13T02:50:53.242Z - info: [10:50:53] Reload for file change: C:\Users\acctp\OneDrive\Desktop\ragner666.github.io\node_modules\lodash\once.js
2024-06-13T02:50:53.851Z - info: [10:50:53] Reload for file change: C:\Users\acctp\OneDrive\Desktop\ragner666.github.io\node_modules\lodash\nthArg.js
2024-06-13T02:50:53.873Z - info: [10:50:53] Reload for file change: C:\Users\acctp\OneDrive\Desktop\ragner666.github.io\node_modules\lodash\nth.js
2024-06-13T02:50:53.882Z - info: [10:50:53] Reload for file change: C:\Users\acctp\OneDrive\Desktop\ragner666.github.io\node_modules\lodash\now.js
2024-06-13T02:50:54.138Z - info: Assets built
2024-06-13T02:50:54.542Z - info: [10:50:54] Reload for file change: C:\Users\acctp\OneDrive\Desktop\ragner666.github.io\node_modules\lodash\minBy.js
2024-06-13T02:50:54.569Z - info: [10:50:54] Reload for file change: C:\Users\acctp\OneDrive\Desktop\ragner666.github.io\node_modules\lodash\multiply.js
2024-06-13T02:50:54.588Z - info: [10:50:54] Reload for file change: C:\Users\acctp\OneDrive\Desktop\ragner666.github.io\node_modules\lodash\mixin.js
2024-06-13T02:50:54.666Z - info: [10:50:54] Reload for file change: C:\Users\acctp\OneDrive\Desktop\ragner666.github.io\node_modules\lodash\min.js
2024-06-13T02:50:55.189Z - info: [10:50:55] Reload for file change: C:\Users\acctp\OneDrive\Desktop\ragner666.github.io\node_modules\lodash\mergeWith.js
2024-06-13T02:50:55.552Z - info: Assets built
2024-06-13T02:50:55.905Z - info: [10:50:55] Reload for file change: C:\Users\acctp\OneDrive\Desktop\ragner666.github.io\node_modules\lodash\matches.js
2024-06-13T02:50:55.932Z - info: [10:50:55] Reload for file change: C:\Users\acctp\OneDrive\Desktop\ragner666.github.io\node_modules\lodash\matchesProperty.js
2024-06-13T02:50:55.992Z - info: [10:50:55] Reload for file change: C:\Users\acctp\OneDrive\Desktop\ragner666.github.io\node_modules\lodash\math.js
2024-06-13T02:50:56.436Z - info: [10:50:56] Reload for file change: C:\Users\acctp\OneDrive\Desktop\ragner666.github.io\node_modules\lodash\lte.js
2024-06-13T02:50:56.611Z - info: [10:50:56] Reload for file change: C:\Users\acctp\OneDrive\Desktop\ragner666.github.io\node_modules\lodash\lowerFirst.js
2024-06-13T02:50:56.916Z - info: Assets built
2024-06-13T02:50:57.776Z - info: [10:50:57] Reload for file change: C:\Users\acctp\OneDrive\Desktop\ragner666.github.io\node_modules\lodash\keyBy.js
2024-06-13T02:50:57.878Z - info: [10:50:57] Reload for file change: C:\Users\acctp\OneDrive\Desktop\ragner666.github.io\node_modules\lodash\kebabCase.js
2024-06-13T02:50:58.285Z - info: [10:50:58] Reload for file change: C:\Users\acctp\OneDrive\Desktop\ragner666.github.io\node_modules\lodash\isWeakMap.js
2024-06-13T02:50:58.396Z - info: [10:50:58] Reload for file change: C:\Users\acctp\OneDrive\Desktop\ragner666.github.io\node_modules\lodash\join.js
2024-06-13T02:50:58.785Z - info: Assets built
2024-06-13T02:50:59.057Z - info: [10:50:59] Reload for file change: C:\Users\acctp\OneDrive\Desktop\ragner666.github.io\node_modules\lodash\isSafeInteger.js
2024-06-13T02:50:59.304Z - info: [10:50:59] Reload for file change: C:\Users\acctp\OneDrive\Desktop\ragner666.github.io\node_modules\lodash\isRegExp.js
2024-06-13T02:50:59.721Z - info: [10:50:59] Reload for file change: C:\Users\acctp\OneDrive\Desktop\ragner666.github.io\node_modules\lodash\isNumber.js
2024-06-13T02:50:59.901Z - info: [10:50:59] Reload for file change: C:\Users\acctp\OneDrive\Desktop\ragner666.github.io\node_modules\lodash\isNil.js
2024-06-13T02:51:00.015Z - info: [10:51:00] Reload for file change: C:\Users\acctp\OneDrive\Desktop\ragner666.github.io\node_modules\lodash\isNull.js
2024-06-13T02:51:00.066Z - info: Assets built
2024-06-13T02:51:00.092Z - info: [10:51:00] Reload for file change: C:\Users\acctp\OneDrive\Desktop\ragner666.github.io\node_modules\lodash\isNative.js
2024-06-13T02:51:00.251Z - info: [10:51:00] Reload for file change: C:\Users\acctp\OneDrive\Desktop\ragner666.github.io\node_modules\lodash\isMatchWith.js
2024-06-13T02:51:00.342Z - info: [10:51:00] Reload for file change: C:\Users\acctp\OneDrive\Desktop\ragner666.github.io\node_modules\lodash\isMatch.js
2024-06-13T02:51:00.880Z - info: [10:51:00] Reload for file change: C:\Users\acctp\OneDrive\Desktop\ragner666.github.io\node_modules\lodash\isFinite.js
2024-06-13T02:51:01.101Z - info: Assets built
2024-06-13T02:51:01.549Z - info: [10:51:01] Reload for file change: C:\Users\acctp\OneDrive\Desktop\ragner666.github.io\node_modules\lodash\isElement.js
2024-06-13T02:51:01.738Z - info: [10:51:01] Reload for file change: C:\Users\acctp\OneDrive\Desktop\ragner666.github.io\node_modules\lodash\isDate.js
2024-06-13T02:51:02.216Z - info: [10:51:02] Reload for file change: C:\Users\acctp\OneDrive\Desktop\ragner666.github.io\node_modules\lodash\isArrayBuffer.js
2024-06-13T02:51:02.557Z - info: Assets built
2024-06-13T02:51:02.792Z - info: [10:51:02] Reload for file change: C:\Users\acctp\OneDrive\Desktop\ragner666.github.io\node_modules\lodash\invert.js
2024-06-13T02:51:03.023Z - info: [10:51:03] Reload for file change: C:\Users\acctp\OneDrive\Desktop\ragner666.github.io\node_modules\lodash\intersectionWith.js
2024-06-13T02:51:03.084Z - info: [10:51:03] Reload for file change: C:\Users\acctp\OneDrive\Desktop\ragner666.github.io\node_modules\lodash\intersectionBy.js
2024-06-13T02:51:03.287Z - info: [10:51:03] Reload for file change: C:\Users\acctp\OneDrive\Desktop\ragner666.github.io\node_modules\lodash\inRange.js
2024-06-13T02:51:03.335Z - info: [10:51:03] Reload for file change: C:\Users\acctp\OneDrive\Desktop\ragner666.github.io\node_modules\lodash\initial.js
2024-06-13T02:51:03.542Z - info: [10:51:03] Reload for file change: C:\Users\acctp\OneDrive\Desktop\ragner666.github.io\node_modules\lodash\indexOf.js
2024-06-13T02:51:03.690Z - info: [10:51:03] Reload for file change: C:\Users\acctp\OneDrive\Desktop\ragner666.github.io\node_modules\lodash\index.js
2024-06-13T02:51:03.822Z - info: Assets built
2024-06-13T02:51:04.008Z - info: [10:51:04] Reload for file change: C:\Users\acctp\OneDrive\Desktop\ragner666.github.io\node_modules\lodash\head.js
2024-06-13T02:51:04.624Z - info: [10:51:04] Reload for file change: C:\Users\acctp\OneDrive\Desktop\ragner666.github.io\node_modules\lodash\gt.js
2024-06-13T02:51:04.726Z - info: [10:51:04] Reload for file change: C:\Users\acctp\OneDrive\Desktop\ragner666.github.io\node_modules\lodash\functionsIn.js
2024-06-13T02:51:04.991Z - info: [10:51:04] Reload for file change: C:\Users\acctp\OneDrive\Desktop\ragner666.github.io\node_modules\lodash\function.js
2024-06-13T02:51:05.017Z - info: Assets built
2024-06-13T02:51:05.065Z - info: [10:51:05] Reload for file change: C:\Users\acctp\OneDrive\Desktop\ragner666.github.io\node_modules\lodash\fromPairs.js
2024-06-13T02:51:05.378Z - info: [10:51:05] Reload for file change: C:\Users\acctp\OneDrive\Desktop\ragner666.github.io\node_modules\lodash\forOwn.js
2024-06-13T02:51:05.394Z - info: [10:51:05] Reload for file change: C:\Users\acctp\OneDrive\Desktop\ragner666.github.io\node_modules\lodash\forOwnRight.js
2024-06-13T02:51:05.472Z - info: [10:51:05] Reload for file change: C:\Users\acctp\OneDrive\Desktop\ragner666.github.io\node_modules\lodash\forInRight.js
2024-06-13T02:51:05.675Z - info: [10:51:05] Reload for file change: C:\Users\acctp\OneDrive\Desktop\ragner666.github.io\node_modules\lodash\forEachRight.js
2024-06-13T02:51:05.989Z - info: [10:51:05] Reload for file change: C:\Users\acctp\OneDrive\Desktop\ragner666.github.io\node_modules\lodash\flowRight.js
2024-06-13T02:51:06.014Z - info: [10:51:06] Reload for file change: C:\Users\acctp\OneDrive\Desktop\ragner666.github.io\node_modules\lodash\forEach.js
2024-06-13T02:51:06.085Z - info: Assets built
2024-06-13T02:51:06.174Z - info: [10:51:06] Reload for file change: C:\Users\acctp\OneDrive\Desktop\ragner666.github.io\node_modules\lodash\flip.js
2024-06-13T02:51:06.701Z - info: [10:51:06] Reload for file change: C:\Users\acctp\OneDrive\Desktop\ragner666.github.io\node_modules\lodash\flatMapDeep.js
2024-06-13T02:51:07.173Z - info: [10:51:07] Reload for file change: C:\Users\acctp\OneDrive\Desktop\ragner666.github.io\node_modules\lodash\flake.lock
2024-06-13T02:51:07.181Z - info: Assets built
2024-06-13T02:51:07.304Z - info: [10:51:07] Reload for file change: C:\Users\acctp\OneDrive\Desktop\ragner666.github.io\node_modules\lodash\first.js
2024-06-13T02:51:07.356Z - info: [10:51:07] Reload for file change: C:\Users\acctp\OneDrive\Desktop\ragner666.github.io\node_modules\lodash\findLastKey.js
2024-06-13T02:51:07.461Z - info: [10:51:07] Reload for file change: C:\Users\acctp\OneDrive\Desktop\ragner666.github.io\node_modules\lodash\findLastIndex.js
2024-06-13T02:51:07.743Z - info: [10:51:07] Reload for file change: C:\Users\acctp\OneDrive\Desktop\ragner666.github.io\node_modules\lodash\findLast.js
2024-06-13T02:51:07.755Z - info: [10:51:07] Reload for file change: C:\Users\acctp\OneDrive\Desktop\ragner666.github.io\node_modules\lodash\findKey.js
2024-06-13T02:51:08.028Z - info: [10:51:08] Reload for file change: C:\Users\acctp\OneDrive\Desktop\ragner666.github.io\node_modules\lodash\filter.js
2024-06-13T02:51:08.071Z - info: [10:51:08] Reload for file change: C:\Users\acctp\OneDrive\Desktop\ragner666.github.io\node_modules\lodash\fill.js
2024-06-13T02:51:08.309Z - info: Assets built
2024-06-13T02:51:08.398Z - info: [10:51:08] Reload for file change: C:\Users\acctp\OneDrive\Desktop\ragner666.github.io\node_modules\lodash\extend.js
2024-06-13T02:51:08.571Z - info: [10:51:08] Reload for file change: C:\Users\acctp\OneDrive\Desktop\ragner666.github.io\node_modules\lodash\every.js
2024-06-13T02:51:08.662Z - info: [10:51:08] Reload for file change: C:\Users\acctp\OneDrive\Desktop\ragner666.github.io\node_modules\lodash\escape.js
2024-06-13T02:51:09.003Z - info: [10:51:09] Reload for file change: C:\Users\acctp\OneDrive\Desktop\ragner666.github.io\node_modules\lodash\entries.js
2024-06-13T02:51:09.286Z - info: [10:51:09] Reload for file change: C:\Users\acctp\OneDrive\Desktop\ragner666.github.io\node_modules\lodash\eachRight.js
2024-06-13T02:51:09.408Z - info: Assets built
2024-06-13T02:51:09.462Z - info: [10:51:09] Reload for file change: C:\Users\acctp\OneDrive\Desktop\ragner666.github.io\node_modules\lodash\dropWhile.js
2024-06-13T02:51:10.033Z - info: [10:51:10] Reload for file change: C:\Users\acctp\OneDrive\Desktop\ragner666.github.io\node_modules\lodash\divide.js
2024-06-13T02:51:10.468Z - info: Assets built
2024-06-13T02:51:10.607Z - info: [10:51:10] Reload for file change: C:\Users\acctp\OneDrive\Desktop\ragner666.github.io\node_modules\lodash\defaultsDeep.js
2024-06-13T02:51:10.653Z - info: [10:51:10] Reload for file change: C:\Users\acctp\OneDrive\Desktop\ragner666.github.io\node_modules\lodash\defer.js
2024-06-13T02:51:10.819Z - info: [10:51:10] Reload for file change: C:\Users\acctp\OneDrive\Desktop\ragner666.github.io\node_modules\lodash\defaults.js
2024-06-13T02:51:11.190Z - info: [10:51:11] Reload for file change: C:\Users\acctp\OneDrive\Desktop\ragner666.github.io\node_modules\lodash\date.js
2024-06-13T02:51:11.302Z - info: [10:51:11] Reload for file change: C:\Users\acctp\OneDrive\Desktop\ragner666.github.io\node_modules\lodash\curryRight.js
2024-06-13T02:51:11.375Z - info: [10:51:11] Reload for file change: C:\Users\acctp\OneDrive\Desktop\ragner666.github.io\node_modules\lodash\curry.js
2024-06-13T02:51:11.617Z - info: Assets built
2024-06-13T02:51:11.782Z - info: [10:51:11] Reload for file change: C:\Users\acctp\OneDrive\Desktop\ragner666.github.io\node_modules\lodash\core.js
2024-06-13T02:51:11.862Z - info: [10:51:11] Reload for file change: C:\Users\acctp\OneDrive\Desktop\ragner666.github.io\node_modules\lodash\countBy.js
2024-06-13T02:51:12.066Z - info: [10:51:12] Reload for file change: C:\Users\acctp\OneDrive\Desktop\ragner666.github.io\node_modules\lodash\conforms.js
2024-06-13T02:51:12.264Z - info: [10:51:12] Reload for file change: C:\Users\acctp\OneDrive\Desktop\ragner666.github.io\node_modules\lodash\cond.js
2024-06-13T02:51:12.409Z - info: [10:51:12] Reload for file change: C:\Users\acctp\OneDrive\Desktop\ragner666.github.io\node_modules\lodash\concat.js
2024-06-13T02:51:12.570Z - info: [10:51:12] Reload for file change: C:\Users\acctp\OneDrive\Desktop\ragner666.github.io\node_modules\lodash\commit.js
2024-06-13T02:51:12.722Z - info: [10:51:12] Reload for file change: C:\Users\acctp\OneDrive\Desktop\ragner666.github.io\node_modules\lodash\collection.js
2024-06-13T02:51:12.805Z - info: Assets built
2024-06-13T02:51:13.324Z - info: [10:51:13] Reload for file change: C:\Users\acctp\OneDrive\Desktop\ragner666.github.io\node_modules\lodash\clamp.js
2024-06-13T02:51:13.410Z - info: [10:51:13] Reload for file change: C:\Users\acctp\OneDrive\Desktop\ragner666.github.io\node_modules\lodash\chunk.js
2024-06-13T02:51:13.508Z - info: [10:51:13] Reload for file change: C:\Users\acctp\OneDrive\Desktop\ragner666.github.io\node_modules\lodash\chain.js
2024-06-13T02:51:13.642Z - info: [10:51:13] Reload for file change: C:\Users\acctp\OneDrive\Desktop\ragner666.github.io\node_modules\lodash\ceil.js
2024-06-13T02:51:14.190Z - info: [10:51:14] Reload for file change: C:\Users\acctp\OneDrive\Desktop\ragner666.github.io\node_modules\lodash\bindAll.js
2024-06-13T02:51:14.332Z - info: Assets built
2024-06-13T02:51:14.613Z - info: [10:51:14] Reload for file change: C:\Users\acctp\OneDrive\Desktop\ragner666.github.io\node_modules\lodash\attempt.js
2024-06-13T02:51:14.767Z - info: [10:51:14] Reload for file change: C:\Users\acctp\OneDrive\Desktop\ragner666.github.io\node_modules\lodash\assignWith.js
2024-06-13T02:51:14.933Z - info: [10:51:14] Reload for file change: C:\Users\acctp\OneDrive\Desktop\ragner666.github.io\node_modules\lodash\assignIn.js
2024-06-13T02:51:15.054Z - info: [10:51:15] Reload for file change: C:\Users\acctp\OneDrive\Desktop\ragner666.github.io\node_modules\lodash\assignInWith.js
2024-06-13T02:51:15.170Z - info: [10:51:15] Reload for file change: C:\Users\acctp\OneDrive\Desktop\ragner666.github.io\node_modules\lodash\assign.js
2024-06-13T02:51:15.435Z - info: [10:51:15] Reload for file change: C:\Users\acctp\OneDrive\Desktop\ragner666.github.io\node_modules\lodash\after.js
2024-06-13T02:51:15.498Z - info: [10:51:15] Reload for file change: C:\Users\acctp\OneDrive\Desktop\ragner666.github.io\node_modules\lodash\add.js
2024-06-13T02:51:15.639Z - info: Assets built
2024-06-13T02:51:23.076Z - info: [10:51:23] Reload for file change: C:\Users\acctp\OneDrive\Desktop\ragner666.github.io\node_modules\logform\uncolorize.js
2024-06-13T02:51:23.507Z - info: [10:51:23] Reload for file change: C:\Users\acctp\OneDrive\Desktop\ragner666.github.io\node_modules\logform\splat.js
2024-06-13T02:51:23.975Z - info: [10:51:23] Reload for file change: C:\Users\acctp\OneDrive\Desktop\ragner666.github.io\node_modules\logform\pretty-print.js
2024-06-13T02:51:24.082Z - info: Assets built
